<?xml version="1.0" encoding="UTF-8"?>
<testsuite xmlns:xsi="http://www.w3.org/2001/XMLSchema-instance" xsi:noNamespaceSchemaLocation="https://maven.apache.org/surefire/maven-surefire-plugin/xsd/surefire-test-report.xsd" name="DeckTest" time="0.041" tests="8" errors="0" skipped="0" failures="0">
  <properties>
[...]
</properties>
  <testcase name="deckExists" classname="DeckTest" time="0.014"/>
  <testcase name="newDeckExists" classname="DeckTest" time="0.001"/>
  <testcase name="newDeckIsFull" classname="DeckTest" time="0.002"/>
  <testcase name="newDeckIsShuffled" classname="DeckTest" time="0.003"/>
  <testcase name="cardValues" classname="DeckTest" time="0.001"/>
  <testcase name="deckHasCards" classname="DeckTest" time="0.001"/>
  <testcase name="newDeckCard" classname="DeckTest" time="0.001"/>
  <testcase name="newDeckSize" classname="DeckTest" time="0.001"/>
</testsuite>