<?xml version="1.0" encoding="UTF-8"?>
<testsuite xmlns:xsi="http://www.w3.org/2001/XMLSchema-instance" xsi:noNamespaceSchemaLocation="https://maven.apache.org/surefire/maven-surefire-plugin/xsd/surefire-test-report.xsd" name="ThreeCardTest" time="0.083" tests="29" errors="0" skipped="0" failures="0">
  <properties>
[...]
</properties>
  <testcase name="checkStraightFlush" classname="ThreeCardTest" time="0"/>
  <testcase name="checkWinningsHighCard" classname="ThreeCardTest" time="0"/>
  <testcase name="checkWinningPlayerHighCard" classname="ThreeCardTest" time="0"/>
  <testcase name="checkWinningsFlush" classname="ThreeCardTest" time="0"/>
  <testcase name="checkWinningDealerHigherPair" classname="ThreeCardTest" time="0"/>
  <testcase name="checkWinningDealerEval" classname="ThreeCardTest" time="0"/>
  <testcase name="checkThreeOfAKind" classname="ThreeCardTest" time="0"/>
  <testcase name="checkWinningsThreeOfAKind" classname="ThreeCardTest" time="0.01"/>
  <testcase name="compareHandsDealerNoQueen" classname="ThreeCardTest" time="0"/>
  <testcase name="checkWinningsPair" classname="ThreeCardTest" time="0"/>
  <testcase name="checkWinningPlayerHigherThreeOfAKind" classname="ThreeCardTest" time="0"/>
  <testcase name="checkWinningPlayerHigherPair" classname="ThreeCardTest" time="0.01"/>
  <testcase name="checkWinningPlayerEval" classname="ThreeCardTest" time="0.001"/>
  <testcase name="checkCards" classname="ThreeCardTest" time="0.001"/>
  <testcase name="checkFlush" classname="ThreeCardTest" time="0.001"/>
  <testcase name="checkWinningDealerHighCard" classname="ThreeCardTest" time="0.001"/>
  <testcase name="checkWinningPlayerMatchingPairsHighCard" classname="ThreeCardTest" time="0.001"/>
  <testcase name="checkFailingGUIHands" classname="ThreeCardTest" time="0.001"/>
  <testcase name="checkStraight" classname="ThreeCardTest" time="0"/>
  <testcase name="checkWinningsStraightFlush" classname="ThreeCardTest" time="0.001"/>
  <testcase name="checkPair" classname="ThreeCardTest" time="0.001"/>
  <testcase name="checkFailingGUIHandsFlush" classname="ThreeCardTest" time="0.001"/>
  <testcase name="checkHighCard" classname="ThreeCardTest" time="0.002"/>
  <testcase name="checkWinningPlayerHigherStraight" classname="ThreeCardTest" time="0.001"/>
  <testcase name="checkWinningPlayerHigherStraightFlush" classname="ThreeCardTest" time="0.001"/>
  <testcase name="checkTieOutOfOrder" classname="ThreeCardTest" time="0.001"/>
  <testcase name="checkWinningsStraight" classname="ThreeCardTest" time="0.001"/>
  <testcase name="checkWinningDealerMatchingPairsHighCard" classname="ThreeCardTest" time="0"/>
  <testcase name="checkWinningPlayerHigherFlush" classname="ThreeCardTest" time="0"/>
</testsuite>